<?xml version="1.0" encoding="utf-8"?><testsuites name="pytest tests"><testsuite name="pytest" errors="0" failures="1" skipped="16" tests="111" time="2.537" timestamp="2025-08-15T11:54:33.172848+02:00" hostname="localhost.local"><testcase classname="tests.test_cli_cortex_neo" name="test_list_workflows" time="0.989"><failure message="AssertionError: Keine Workflows gefunden oder Ausgabe leer.&#10;assert ('Workflow' in '' or '' != '')&#10; +  where '' = CompletedProcess(args=['/Users/simonjanke/miniforge3/bin/python', 'cortex_neo/cortex_cli.py', 'list-workflows'], returncode=0, stdout='', stderr='').stdout&#10; +  and   '' = &lt;built-in method strip of str object at 0x10115fea0&gt;()&#10; +    where &lt;built-in method strip of str object at 0x10115fea0&gt; = ''.strip&#10; +      where '' = CompletedProcess(args=['/Users/simonjanke/miniforge3/bin/python', 'cortex_neo/cortex_cli.py', 'list-workflows'], returncode=0, stdout='', stderr='').stdout">tests/test_cli_cortex_neo.py:35: in test_list_workflows
    assert "Workflow" in result.stdout or result.stdout.strip() != "", "Keine Workflows gefunden oder Ausgabe leer."
E   AssertionError: Keine Workflows gefunden oder Ausgabe leer.
E   assert ('Workflow' in '' or '' != '')
E    +  where '' = CompletedProcess(args=['/Users/simonjanke/miniforge3/bin/python', 'cortex_neo/cortex_cli.py', 'list-workflows'], returncode=0, stdout='', stderr='').stdout
E    +  and   '' = &lt;built-in method strip of str object at 0x10115fea0&gt;()
E    +    where &lt;built-in method strip of str object at 0x10115fea0&gt; = ''.strip
E    +      where '' = CompletedProcess(args=['/Users/simonjanke/miniforge3/bin/python', 'cortex_neo/cortex_cli.py', 'list-workflows'], returncode=0, stdout='', stderr='').stdout</failure></testcase><testcase classname="tests.test_mcp_server.TestMCPServer" name="test_server_initialization" time="0.000"><skipped type="pytest.skip" message="MCP modules not available">/Users/simonjanke/Projects/cortex-py/tests/test_mcp_server.py:86: MCP modules not available</skipped></testcase><testcase classname="tests.test_mcp_server.TestMCPServer" name="test_list_resources" time="0.000"><skipped type="pytest.skip" message="MCP modules not available">/Users/simonjanke/Projects/cortex-py/tests/test_mcp_server.py:95: MCP modules not available</skipped></testcase><testcase classname="tests.test_mcp_server.TestMCPServer" name="test_mcp_server_command_line" time="0.000"><skipped type="pytest.skip" message="MCP modules not available">/Users/simonjanke/Projects/cortex-py/tests/test_mcp_server.py:114: MCP modules not available</skipped></testcase><testcase classname="tests.test_mcp_server.TestMCPServerFallback" name="test_mcp_modules_missing" time="0.000" /><testcase classname="tests.test_mcp_server.TestMCPServerFallback" name="test_project_structure_exists" time="0.000" /><testcase classname="tests.test_mcp_server_extended.TestMCPServerExtended" name="test_cortex_mcp_module_exists" time="0.000"><skipped type="pytest.skip" message="MCP modules not available">/Users/simonjanke/Projects/cortex-py/tests/test_mcp_server_extended.py:27: MCP modules not available</skipped></testcase><testcase classname="tests.test_mcp_server_extended.TestMCPServerExtended" name="test_mcp_server_imports" time="0.000"><skipped type="pytest.skip" message="MCP modules not available">/Users/simonjanke/Projects/cortex-py/tests/test_mcp_server_extended.py:35: MCP modules not available</skipped></testcase><testcase classname="tests.test_mcp_server_extended.TestMCPServerExtendedFallback" name="test_mcp_directory_structure" time="0.000" /><testcase classname="tests.test_mcp_server_integration.TestMCPCortexIntegration" name="test_cortex_cli_available" time="0.434" /><testcase classname="tests.test_mcp_server_integration.TestMCPCortexIntegration" name="test_neo4j_connection_check" time="0.457" /><testcase classname="tests.test_mcp_server_integration.TestMCPServerRealWorld" name="test_mcp_server_with_real_cli" time="0.004"><skipped type="pytest.skip" message="MCP Server Modul nicht verfügbar">/Users/simonjanke/Projects/cortex-py/tests/test_mcp_server_integration.py:103: MCP Server Modul nicht verfügbar</skipped></testcase><testcase classname="tests.test_mcp_server_integration.TestMCPServerRealWorld" name="test_mcp_tool_execution_real" time="0.001"><skipped type="pytest.skip" message="MCP Server Modul nicht verfügbar">/Users/simonjanke/Projects/cortex-py/tests/test_mcp_server_integration.py:125: MCP Server Modul nicht verfügbar</skipped></testcase><testcase classname="tests.test_mcp_server_integration.TestMCPServerRealWorld" name="test_mcp_error_handling_real" time="0.001"><skipped type="pytest.skip" message="MCP Server Modul nicht verfügbar">/Users/simonjanke/Projects/cortex-py/tests/test_mcp_server_integration.py:146: MCP Server Modul nicht verfügbar</skipped></testcase><testcase classname="tests.test_mcp_server_integration.TestMCPServerFiles" name="test_mcp_server_files_exist" time="0.000"><skipped type="pytest.skip" message="No MCP server files found - MCP server not set up">/Users/simonjanke/Projects/cortex-py/tests/test_mcp_server_integration.py:188: No MCP server files found - MCP server not set up</skipped></testcase><testcase classname="tests.test_mcp_server_integration.TestMCPServerFiles" name="test_mcp_server_syntax_valid" time="0.003"><skipped type="pytest.skip" message="No MCP server files found for syntax validation">/Users/simonjanke/Projects/cortex-py/tests/test_mcp_server_integration.py:209: No MCP server files found for syntax validation</skipped></testcase><testcase classname="tests.test_mcp_server_integration.TestMCPServerFiles" name="test_start_scripts_exist" time="0.001" /><testcase classname="tests.test_mcp_server_integration.TestMCPServerCompatibility" name="test_mcp_library_compatibility" time="0.000"><skipped type="pytest.skip" message="MCP Bibliothek nicht kompatibel: No module named 'mcp.server'">/Users/simonjanke/Projects/cortex-py/tests/test_mcp_server_integration.py:273: MCP Bibliothek nicht kompatibel: No module named 'mcp.server'</skipped></testcase><testcase classname="tests.test_mcp_server_integration.TestMCPServerCompatibility" name="test_python_version_compatibility" time="0.000" /><testcase classname="tests.test_mcp_server_integration.TestMCPServerDocumentationIntegrity" name="test_mcp_setup_documentation" time="0.001" /><testcase classname="tests.test_mcp_server_integration.TestMCPServerDocumentationIntegrity" name="test_mcp_readme_completeness" time="0.001" /><testcase classname="tests.test_mcp_server_integration.TestMCPServerIntegration" name="test_server_startup_shutdown" time="0.000"><skipped type="pytest.skip" message="MCP modules not available">/Users/simonjanke/Projects/cortex-py/tests/test_mcp_server_integration.py:376: MCP modules not available</skipped></testcase><testcase classname="tests.test_mcp_server_integration.TestMCPServerIntegration" name="test_integration_with_neo4j" time="0.000"><skipped type="pytest.skip" message="MCP modules not available">/Users/simonjanke/Projects/cortex-py/tests/test_mcp_server_integration.py:393: MCP modules not available</skipped></testcase><testcase classname="tests.test_mcp_server_integration.TestMCPServerIntegrationFallback" name="test_environment_variables" time="0.000" /><testcase classname="tests.test_mcp_server_integration.TestMCPServerIntegrationFallback" name="test_project_modules_importable" time="0.000" /><testcase classname="tests.test_mcp_setup.TestMCPSetup" name="test_project_structure" time="0.000" /><testcase classname="tests.test_mcp_setup.TestMCPSetup" name="test_mcp_scripts_exist" time="0.001" /><testcase classname="tests.test_mcp_setup.TestMCPSetup" name="test_claude_config_template" time="0.001" /><testcase classname="tests.test_mcp_setup.TestMCPDependencies" name="test_python_version" time="0.000" /><testcase classname="tests.test_mcp_setup.TestMCPDependencies" name="test_required_packages_importable" time="0.000" /><testcase classname="tests.test_mcp_setup.TestMCPEnvironment" name="test_environment_variables" time="0.000" /><testcase classname="tests.test_mcp_setup.TestMCPEnvironment" name="test_path_setup" time="0.000" /><testcase classname="tests.test_mcp_setup.TestMCPDocumentation" name="test_setup_documentation_exists" time="0.000" /><testcase classname="tests.unit.test_data_governance.TestDataGovernanceEngine" name="test_engine_initialization" time="0.000" /><testcase classname="tests.unit.test_data_governance.TestDataGovernanceEngine" name="test_load_external_config" time="0.004" /><testcase classname="tests.unit.test_data_governance.TestDataGovernanceEngine" name="test_get_templates" time="0.000" /><testcase classname="tests.unit.test_data_governance.TestDataGovernanceEngine" name="test_get_workflows" time="0.000" /><testcase classname="tests.unit.test_data_governance.TestDataGovernanceEngine" name="test_add_template" time="0.000" /><testcase classname="tests.unit.test_data_governance.TestDataGovernanceEngine" name="test_add_workflow" time="0.000" /><testcase classname="tests.unit.test_data_governance.TestValidation" name="test_validate_good_note" time="0.001" /><testcase classname="tests.unit.test_data_governance.TestValidation" name="test_validate_bad_note" time="0.000" /><testcase classname="tests.unit.test_data_governance.TestValidation" name="test_validate_with_template" time="0.000" /><testcase classname="tests.unit.test_data_governance.TestValidation" name="test_extract_keywords_from_content" time="0.000" /><testcase classname="tests.unit.test_data_governance.TestValidation" name="test_naming_conventions" time="0.000" /><testcase classname="tests.unit.test_data_governance.TestContextValidation" name="test_validate_note_creation_with_context" time="0.000" /><testcase classname="tests.unit.test_data_governance.TestContextValidation" name="test_get_templates_for_context" time="0.000" /><testcase classname="tests.unit.test_data_governance.TestNeo4jTemplateManager" name="test_neo4j_manager_initialization" time="0.000" /><testcase classname="tests.unit.test_data_governance.TestNeo4jTemplateManager" name="test_is_connected_false" time="0.003" /><testcase classname="tests.unit.test_data_governance.TestNeo4jTemplateManager" name="test_is_connected_true" time="0.001" /><testcase classname="tests.unit.test_data_governance.TestNeo4jTemplateManager" name="test_get_templates_for_project_no_connection" time="0.000" /><testcase classname="tests.unit.test_data_governance.TestNeo4jTemplateManager" name="test_get_templates_for_project_with_connection" time="0.001" /><testcase classname="tests.unit.test_data_governance.TestNeo4jTemplateManager" name="test_generate_template_config" time="0.000" /><testcase classname="tests.unit.test_data_governance.TestNeo4jTemplateManager" name="test_generate_template_config_unknown_type" time="0.000" /><testcase classname="tests.unit.test_data_governance.TestIntegration" name="test_full_workflow_without_neo4j" time="0.000" /><testcase classname="tests.unit.test_data_governance.TestIntegration" name="test_graceful_neo4j_unavailable" time="0.000" /><testcase classname="tests.unit.test_data_governance.TestEdgeCases" name="test_empty_content" time="0.000" /><testcase classname="tests.unit.test_data_governance.TestEdgeCases" name="test_very_long_name" time="0.000" /><testcase classname="tests.unit.test_data_governance.TestEdgeCases" name="test_special_characters_in_content" time="0.000" /><testcase classname="tests.unit.test_data_governance.TestEdgeCases" name="test_none_values" time="0.000" /><testcase classname="tests.unit.test_data_governance.TestEdgeCases" name="test_missing_template" time="0.000" /><testcase classname="tests.unit.test_governance_cli.TestGovernanceCLI" name="test_cli_help" time="0.002" /><testcase classname="tests.unit.test_governance_cli.TestTemplatesCommands" name="test_templates_help" time="0.001" /><testcase classname="tests.unit.test_governance_cli.TestTemplatesCommands" name="test_templates_list" time="0.001" /><testcase classname="tests.unit.test_governance_cli.TestTemplatesCommands" name="test_templates_list_with_filters" time="0.001" /><testcase classname="tests.unit.test_governance_cli.TestTemplatesCommands" name="test_templates_validate" time="0.001" /><testcase classname="tests.unit.test_governance_cli.TestTemplatesCommands" name="test_templates_validate_smart" time="0.001" /><testcase classname="tests.unit.test_governance_cli.TestTemplatesCommands" name="test_templates_create_for_project_with_neo4j" time="0.001" /><testcase classname="tests.unit.test_governance_cli.TestTemplatesCommands" name="test_templates_create_for_project_no_neo4j" time="0.001" /><testcase classname="tests.unit.test_governance_cli.TestTemplatesCommands" name="test_templates_add" time="0.001" /><testcase classname="tests.unit.test_governance_cli.TestWorkflowCommands" name="test_workflows_list" time="0.001" /><testcase classname="tests.unit.test_governance_cli.TestWorkflowCommands" name="test_workflows_add" time="0.001" /><testcase classname="tests.unit.test_governance_cli.TestWorkflowCommands" name="test_workflows_progress" time="0.001" /><testcase classname="tests.unit.test_governance_cli.TestWorkflowCommands" name="test_workflows_progress_not_found" time="0.001" /><testcase classname="tests.unit.test_governance_cli.TestRulesCommands" name="test_rules_show" time="0.001" /><testcase classname="tests.unit.test_governance_cli.TestRulesCommands" name="test_rules_update" time="0.001" /><testcase classname="tests.unit.test_governance_cli.TestSystemCommands" name="test_system_status" time="0.001" /><testcase classname="tests.unit.test_governance_cli.TestSystemCommands" name="test_system_export_config" time="0.003" /><testcase classname="tests.unit.test_governance_cli.TestSystemCommands" name="test_system_validate_config_valid" time="0.003" /><testcase classname="tests.unit.test_governance_cli.TestSystemCommands" name="test_system_validate_config_missing" time="0.001" /><testcase classname="tests.unit.test_governance_cli.TestTestCommands" name="test_test_note" time="0.001" /><testcase classname="tests.unit.test_governance_cli.TestTestCommands" name="test_test_performance" time="0.001" /><testcase classname="tests.unit.test_governance_cli.TestErrorHandling" name="test_invalid_template_validate" time="0.001" /><testcase classname="tests.unit.test_governance_cli.TestErrorHandling" name="test_missing_content_file" time="0.001" /><testcase classname="tests.unit.test_governance_cli.TestErrorHandling" name="test_empty_workflow_steps" time="0.001" /><testcase classname="tests.unit.test_governance_cli.TestConfigIntegration" name="test_templates_list_with_config" time="0.003" /><testcase classname="tests.unit.test_governance_cli.TestConfigIntegration" name="test_workflows_list_with_config" time="0.003" /><testcase classname="tests.unit.test_governance_cli.TestConfigIntegration" name="test_rules_show_with_config" time="0.003" /><testcase classname="tests.unit.test_governance_cli.TestNeo4jIntegration" name="test_templates_list_with_neo4j_data" time="0.001" /><testcase classname="tests.unit.test_governance_cli.TestNeo4jIntegration" name="test_validate_smart_with_context" time="0.001" /><testcase classname="tests.unit.test_keyword_fix" name="test_keyword_extraction" time="0.000" /><testcase classname="tests.unit.test_neo4j_integration.TestNeo4jRealConnection" name="test_real_neo4j_connection" time="0.000"><skipped type="pytest.skip" message="Neo4j nicht verfügbar">/Users/simonjanke/Projects/cortex-py/tests/unit/test_neo4j_integration.py:28: Neo4j nicht verfügbar</skipped></testcase><testcase classname="tests.unit.test_neo4j_integration.TestNeo4jRealConnection" name="test_create_and_retrieve_template" time="0.000"><skipped type="pytest.skip" message="Neo4j nicht verfügbar">/Users/simonjanke/Projects/cortex-py/tests/unit/test_neo4j_integration.py:37: Neo4j nicht verfügbar</skipped></testcase><testcase classname="tests.unit.test_neo4j_integration.TestNeo4jRealConnection" name="test_template_usage_tracking" time="0.000"><skipped type="pytest.skip" message="Neo4j nicht verfügbar">/Users/simonjanke/Projects/cortex-py/tests/unit/test_neo4j_integration.py:65: Neo4j nicht verfügbar</skipped></testcase><testcase classname="tests.unit.test_neo4j_integration.TestNeo4jMockedConnection" name="test_get_templates_for_project_success" time="0.228" /><testcase classname="tests.unit.test_neo4j_integration.TestNeo4jMockedConnection" name="test_create_template_if_missing_new_template" time="0.002" /><testcase classname="tests.unit.test_neo4j_integration.TestNeo4jMockedConnection" name="test_create_template_if_missing_existing_template" time="0.001" /><testcase classname="tests.unit.test_neo4j_integration.TestNeo4jMockedConnection" name="test_update_template_usage" time="0.001" /><testcase classname="tests.unit.test_neo4j_integration.TestNeo4jMockedConnection" name="test_generate_template_config_all_types" time="0.001" /><testcase classname="tests.unit.test_neo4j_integration.TestDataGovernanceEngineWithNeo4j" name="test_get_templates_for_context_neo4j_success" time="0.001" /><testcase classname="tests.unit.test_neo4j_integration.TestDataGovernanceEngineWithNeo4j" name="test_get_templates_for_context_neo4j_empty_create_new" time="0.001" /><testcase classname="tests.unit.test_neo4j_integration.TestDataGovernanceEngineWithNeo4j" name="test_get_templates_for_context_fallback_to_local" time="0.002" /><testcase classname="tests.unit.test_neo4j_integration.TestDataGovernanceEngineWithNeo4j" name="test_validate_note_creation_with_context" time="0.003" /><testcase classname="tests.unit.test_neo4j_integration.TestDataGovernanceEngineWithNeo4j" name="test_select_best_template_single" time="0.002" /><testcase classname="tests.unit.test_neo4j_integration.TestDataGovernanceEngineWithNeo4j" name="test_select_best_template_multiple" time="0.002" /><testcase classname="tests.unit.test_neo4j_integration.TestDataGovernanceEngineWithNeo4j" name="test_select_best_template_empty" time="0.002" /><testcase classname="tests.unit.test_neo4j_integration.TestDataGovernanceEngineWithNeo4j" name="test_extract_keywords_from_content" time="0.002" /><testcase classname="tests.unit.test_neo4j_integration.TestNeo4jErrorHandling" name="test_get_templates_for_project_error_handling" time="0.001" /><testcase classname="tests.unit.test_neo4j_integration.TestNeo4jErrorHandling" name="test_create_template_if_missing_error_handling" time="0.001" /><testcase classname="tests.unit.test_neo4j_integration.TestNeo4jErrorHandling" name="test_update_template_usage_error_handling" time="0.001" /><testcase classname="tests.unit.test_neo4j_integration.TestNeo4jIntegrationWorkflows" name="test_complete_workflow_new_project" time="0.001" /><testcase classname="tests.unit.test_neo4j_integration.TestNeo4jIntegrationWorkflows" name="test_workflow_with_fallback" time="0.001" /></testsuite></testsuites>